#
# There is insufficient memory for the Java Runtime Environment to continue.
# Native memory allocation (malloc) failed to allocate 1570896 bytes for Chunk::new
# Possible reasons:
#   The system is out of physical RAM or swap space
#   In 32 bit mode, the process size limit was hit
# Possible solutions:
#   Reduce memory load on the system
#   Increase physical memory or swap space
#   Check if swap backing store is full
#   Use 64 bit Java on a 64 bit OS
#   Decrease Java heap size (-Xmx/-Xms)
#   Decrease number of Java threads
#   Decrease Java thread stack sizes (-Xss)
#   Set larger code cache with -XX:ReservedCodeCacheSize=
# This output file may be truncated or incomplete.
#
#  Out of Memory Error (allocation.cpp:390), pid=12448, tid=14236
#
# JRE version: Java(TM) SE Runtime Environment (8.0_77-b03) (build 1.8.0_77-b03)
# Java VM: Java HotSpot(TM) 64-Bit Server VM (25.77-b03 mixed mode windows-amd64 compressed oops)
# Failed to write core dump. Minidumps are not enabled by default on client versions of Windows
#

---------------  T H R E A D  ---------------

Current thread (0x000000001684d800):  JavaThread "C2 CompilerThread1" daemon [_thread_in_native, id=14236, stack(0x0000000018260000,0x0000000018360000)]

Stack: [0x0000000018260000,0x0000000018360000]
[error occurred during error reporting (printing stack bounds), id 0xc0000005]

Native frames: (J=compiled Java code, j=interpreted, Vv=VM code, C=native code)


Current CompileTask:
C2:   7945 1544       4       java.net.URLClassLoader$1::run (5 bytes)


---------------  P R O C E S S  ---------------

Java Threads: ( => current thread )
  0x00000000188df000 JavaThread "RMI RenewClean-[localhost:58991,org.jetbrains.kotlin.daemon.common.LoopbackNetworkInterface$ClientLoopbackSocketFactory@3eb1a814]" daemon [_thread_blocked, id=11960, stack(0x0000000019c60000,0x0000000019d60000)]
  0x00000000188d5000 JavaThread "RMI TCP Connection(2)-127.0.0.1" daemon [_thread_in_vm, id=5768, stack(0x0000000019b60000,0x0000000019c60000)]
  0x00000000188d0800 JavaThread "RMI Scheduler(0)" daemon [_thread_blocked, id=12760, stack(0x0000000019a60000,0x0000000019b60000)]
  0x00000000186bd000 JavaThread "RMI TCP Connection(1)-127.0.0.1" daemon [_thread_in_native, id=2436, stack(0x0000000019760000,0x0000000019860000)]
  0x000000000290e000 JavaThread "DestroyJavaVM" [_thread_blocked, id=3208, stack(0x0000000002c80000,0x0000000002d80000)]
  0x00000000186ab800 JavaThread "GC Daemon" daemon [_thread_blocked, id=2720, stack(0x0000000019260000,0x0000000019360000)]
  0x000000001824c800 JavaThread "RMI Reaper" [_thread_blocked, id=15636, stack(0x0000000019160000,0x0000000019260000)]
  0x0000000018692800 JavaThread "Timer-0" daemon [_thread_blocked, id=15868, stack(0x0000000018f60000,0x0000000019060000)]
  0x000000001867e800 JavaThread "RMI TCP Accept-17442" daemon [_thread_in_native, id=7580, stack(0x0000000018e60000,0x0000000018f60000)]
  0x0000000017edc000 JavaThread "Service Thread" daemon [_thread_blocked, id=3760, stack(0x0000000018460000,0x0000000018560000)]
  0x0000000017e64800 JavaThread "C1 CompilerThread2" daemon [_thread_blocked, id=6164, stack(0x0000000018360000,0x0000000018460000)]
=>0x000000001684d800 JavaThread "C2 CompilerThread1" daemon [_thread_in_native, id=14236, stack(0x0000000018260000,0x0000000018360000)]
  0x000000001684b800 JavaThread "C2 CompilerThread0" daemon [_thread_blocked, id=13292, stack(0x0000000017d60000,0x0000000017e60000)]
  0x0000000016849000 JavaThread "Attach Listener" daemon [_thread_blocked, id=12564, stack(0x0000000017c60000,0x0000000017d60000)]
  0x00000000167fd800 JavaThread "Signal Dispatcher" daemon [_thread_blocked, id=15800, stack(0x0000000017b60000,0x0000000017c60000)]
  0x00000000167da800 JavaThread "Finalizer" daemon [_thread_blocked, id=4688, stack(0x0000000017a60000,0x0000000017b60000)]
  0x00000000167b9000 JavaThread "Reference Handler" daemon [_thread_blocked, id=13824, stack(0x0000000017960000,0x0000000017a60000)]

Other Threads:
  0x00000000167b8000 VMThread [stack: 0x0000000017860000,0x0000000017960000] [id=10132]
  0x0000000017f30000 WatcherThread [stack: 0x0000000018560000,0x0000000018660000] [id=368]

VM state:not at safepoint (normal execution)

VM Mutex/Monitor currently owned by a thread: None

Heap:
 PSYoungGen      total 18944K, used 11700K [0x00000000e0000000, 0x00000000e1500000, 0x0000000100000000)
  eden space 16384K, 71% used [0x00000000e0000000,0x00000000e0b6d270,0x00000000e1000000)
  from space 2560K, 0% used [0x00000000e1000000,0x00000000e1000000,0x00000000e1280000)
  to   space 2560K, 0% used [0x00000000e1280000,0x00000000e1280000,0x00000000e1500000)
 ParOldGen       total 33280K, used 7031K [0x00000000a0000000, 0x00000000a2080000, 0x00000000e0000000)
  object space 33280K, 21% used [0x00000000a0000000,0x00000000a06dddd0,0x00000000a2080000)
 Metaspace       used 23076K, capacity 23496K, committed 23936K, reserved 1071104K
  class space    used 3035K, capacity 3134K, committed 3200K, reserved 1048576K

Card table byte_map: [0x0000000012240000,0x0000000012550000] byte_map_base: 0x0000000011d40000

Marking Bits: (ParMarkBitMap*) 0x000000005a510600
 Begin Bits: [0x0000000012b50000, 0x0000000014350000)
 End Bits:   [0x0000000014350000, 0x0000000015b50000)

Polling page: 0x0000000000fc0000

CodeCache: size=245760Kb used=4628Kb max_used=4642Kb free=241131Kb
 bounds [0x0000000002e80000, 0x0000000003310000, 0x0000000011e80000]
 total_blobs=1974 nmethods=1543 adapters=343
 compilation: enabled

Compilation events (10 events):
Event: 7.875 Thread 0x0000000017e64800 nmethod 1546 0x0000000003301610 code [0x0000000003301780, 0x0000000003301908]
Event: 7.881 Thread 0x000000001684b800 nmethod 1540 0x0000000003307a10 code [0x0000000003307c20, 0x0000000003308c48]
Event: 7.881 Thread 0x000000001684b800 1545   !   4       java.net.URLClassLoader::findClass (47 bytes)
Event: 7.885 Thread 0x000000001684b800 nmethod 1545 0x0000000003301090 code [0x0000000003301220, 0x0000000003301418]
Event: 7.889 Thread 0x0000000017e64800 1548       3       jdk.internal.org.objectweb.asm.ClassWriter::newNameType (10 bytes)
Event: 7.889 Thread 0x0000000017e64800 nmethod 1548 0x0000000003300c90 code [0x0000000003300e00, 0x0000000003300fa8]
Event: 7.901 Thread 0x000000001684b800 1549 % !   4       java.util.concurrent.ConcurrentHashMap::transfer @ 99 (832 bytes)
Event: 7.927 Thread 0x000000001684b800 nmethod 1549% 0x0000000003304710 code [0x00000000033048a0, 0x0000000003305648]
Event: 7.927 Thread 0x000000001684b800 1550       4       java.util.concurrent.ConcurrentHashMap$Node::<init> (26 bytes)
Event: 7.928 Thread 0x000000001684b800 nmethod 1550 0x00000000033044d0 code [0x0000000003304600, 0x0000000003304698]

GC Heap History (10 events):
Event: 6.142 GC heap before
{Heap before GC invocations=3 (full 1):
 PSYoungGen      total 18944K, used 16384K [0x00000000e0000000, 0x00000000e1500000, 0x0000000100000000)
  eden space 16384K, 100% used [0x00000000e0000000,0x00000000e1000000,0x00000000e1000000)
  from space 2560K, 0% used [0x00000000e1000000,0x00000000e1000000,0x00000000e1280000)
  to   space 2560K, 0% used [0x00000000e1280000,0x00000000e1280000,0x00000000e1500000)
 ParOldGen       total 44032K, used 2912K [0x00000000a0000000, 0x00000000a2b00000, 0x00000000e0000000)
  object space 44032K, 6% used [0x00000000a0000000,0x00000000a02d8020,0x00000000a2b00000)
 Metaspace       used 11877K, capacity 12108K, committed 12288K, reserved 1060864K
  class space    used 1368K, capacity 1458K, committed 1536K, reserved 1048576K
Event: 6.148 GC heap after
Heap after GC invocations=3 (full 1):
 PSYoungGen      total 18944K, used 2531K [0x00000000e0000000, 0x00000000e1500000, 0x0000000100000000)
  eden space 16384K, 0% used [0x00000000e0000000,0x00000000e0000000,0x00000000e1000000)
  from space 2560K, 98% used [0x00000000e1280000,0x00000000e14f8ea8,0x00000000e1500000)
  to   space 2560K, 0% used [0x00000000e1000000,0x00000000e1000000,0x00000000e1280000)
 ParOldGen       total 44032K, used 4312K [0x00000000a0000000, 0x00000000a2b00000, 0x00000000e0000000)
  object space 44032K, 9% used [0x00000000a0000000,0x00000000a0436100,0x00000000a2b00000)
 Metaspace       used 11877K, capacity 12108K, committed 12288K, reserved 1060864K
  class space    used 1368K, capacity 1458K, committed 1536K, reserved 1048576K
}
Event: 6.452 GC heap before
{Heap before GC invocations=4 (full 1):
 PSYoungGen      total 18944K, used 18915K [0x00000000e0000000, 0x00000000e1500000, 0x0000000100000000)
  eden space 16384K, 100% used [0x00000000e0000000,0x00000000e1000000,0x00000000e1000000)
  from space 2560K, 98% used [0x00000000e1280000,0x00000000e14f8ea8,0x00000000e1500000)
  to   space 2560K, 0% used [0x00000000e1000000,0x00000000e1000000,0x00000000e1280000)
 ParOldGen       total 44032K, used 4312K [0x00000000a0000000, 0x00000000a2b00000, 0x00000000e0000000)
  object space 44032K, 9% used [0x00000000a0000000,0x00000000a0436100,0x00000000a2b00000)
 Metaspace       used 14418K, capacity 14678K, committed 14976K, reserved 1062912K
  class space    used 1746K, capacity 1817K, committed 1920K, reserved 1048576K
Event: 6.460 GC heap after
Heap after GC invocations=4 (full 1):
 PSYoungGen      total 18944K, used 2532K [0x00000000e0000000, 0x00000000e1500000, 0x0000000100000000)
  eden space 16384K, 0% used [0x00000000e0000000,0x00000000e0000000,0x00000000e1000000)
  from space 2560K, 98% used [0x00000000e1000000,0x00000000e12790d8,0x00000000e1280000)
  to   space 2560K, 0% used [0x00000000e1280000,0x00000000e1280000,0x00000000e1500000)
 ParOldGen       total 44032K, used 7330K [0x00000000a0000000, 0x00000000a2b00000, 0x00000000e0000000)
  object space 44032K, 16% used [0x00000000a0000000,0x00000000a07288c0,0x00000000a2b00000)
 Metaspace       used 14418K, capacity 14678K, committed 14976K, reserved 1062912K
  class space    used 1746K, capacity 1817K, committed 1920K, reserved 1048576K
}
Event: 7.314 GC heap before
{Heap before GC invocations=5 (full 1):
 PSYoungGen      total 18944K, used 18916K [0x00000000e0000000, 0x00000000e1500000, 0x0000000100000000)
  eden space 16384K, 100% used [0x00000000e0000000,0x00000000e1000000,0x00000000e1000000)
  from space 2560K, 98% used [0x00000000e1000000,0x00000000e12790d8,0x00000000e1280000)
  to   space 2560K, 0% used [0x00000000e1280000,0x00000000e1280000,0x00000000e1500000)
 ParOldGen       total 44032K, used 7330K [0x00000000a0000000, 0x00000000a2b00000, 0x00000000e0000000)
  object space 44032K, 16% used [0x00000000a0000000,0x00000000a07288c0,0x00000000a2b00000)
 Metaspace       used 18767K, capacity 19108K, committed 19328K, reserved 1067008K
  class space    used 2304K, capacity 2374K, committed 2432K, reserved 1048576K
Event: 7.322 GC heap after
Heap after GC invocations=5 (full 1):
 PSYoungGen      total 18944K, used 2528K [0x00000000e0000000, 0x00000000e1500000, 0x0000000100000000)
  eden space 16384K, 0% used [0x00000000e0000000,0x00000000e0000000,0x00000000e1000000)
  from space 2560K, 98% used [0x00000000e1280000,0x00000000e14f8020,0x00000000e1500000)
  to   space 2560K, 0% used [0x00000000e1000000,0x00000000e1000000,0x00000000e1280000)
 ParOldGen       total 44032K, used 11200K [0x00000000a0000000, 0x00000000a2b00000, 0x00000000e0000000)
  object space 44032K, 25% used [0x00000000a0000000,0x00000000a0af0200,0x00000000a2b00000)
 Metaspace       used 18767K, capacity 19108K, committed 19328K, reserved 1067008K
  class space    used 2304K, capacity 2374K, committed 2432K, reserved 1048576K
}
Event: 7.583 GC heap before
{Heap before GC invocations=6 (full 1):
 PSYoungGen      total 18944K, used 12543K [0x00000000e0000000, 0x00000000e1500000, 0x0000000100000000)
  eden space 16384K, 61% used [0x00000000e0000000,0x00000000e09c7d30,0x00000000e1000000)
  from space 2560K, 98% used [0x00000000e1280000,0x00000000e14f8020,0x00000000e1500000)
  to   space 2560K, 0% used [0x00000000e1000000,0x00000000e1000000,0x00000000e1280000)
 ParOldGen       total 44032K, used 11200K [0x00000000a0000000, 0x00000000a2b00000, 0x00000000e0000000)
  object space 44032K, 25% used [0x00000000a0000000,0x00000000a0af0200,0x00000000a2b00000)
 Metaspace       used 20613K, capacity 20998K, committed 21248K, reserved 1067008K
  class space    used 2595K, capacity 2709K, committed 2816K, reserved 1048576K
Event: 7.590 GC heap after
Heap after GC invocations=6 (full 1):
 PSYoungGen      total 18944K, used 2528K [0x00000000e0000000, 0x00000000e1500000, 0x0000000100000000)
  eden space 16384K, 0% used [0x00000000e0000000,0x00000000e0000000,0x00000000e1000000)
  from space 2560K, 98% used [0x00000000e1000000,0x00000000e1278020,0x00000000e1280000)
  to   space 2560K, 0% used [0x00000000e1280000,0x00000000e1280000,0x00000000e1500000)
 ParOldGen       total 44032K, used 13297K [0x00000000a0000000, 0x00000000a2b00000, 0x00000000e0000000)
  object space 44032K, 30% used [0x00000000a0000000,0x00000000a0cfc690,0x00000000a2b00000)
 Metaspace       used 20613K, capacity 20998K, committed 21248K, reserved 1067008K
  class space    used 2595K, capacity 2709K, committed 2816K, reserved 1048576K
}
Event: 7.590 GC heap before
{Heap before GC invocations=7 (full 2):
 PSYoungGen      total 18944K, used 2528K [0x00000000e0000000, 0x00000000e1500000, 0x0000000100000000)
  eden space 16384K, 0% used [0x00000000e0000000,0x00000000e0000000,0x00000000e1000000)
  from space 2560K, 98% used [0x00000000e1000000,0x00000000e1278020,0x00000000e1280000)
  to   space 2560K, 0% used [0x00000000e1280000,0x00000000e1280000,0x00000000e1500000)
 ParOldGen       total 44032K, used 13297K [0x00000000a0000000, 0x00000000a2b00000, 0x00000000e0000000)
  object space 44032K, 30% used [0x00000000a0000000,0x00000000a0cfc690,0x00000000a2b00000)
 Metaspace       used 20613K, capacity 20998K, committed 21248K, reserved 1067008K
  class space    used 2595K, capacity 2709K, committed 2816K, reserved 1048576K
Event: 7.635 GC heap after
Heap after GC invocations=7 (full 2):
 PSYoungGen      total 18944K, used 0K [0x00000000e0000000, 0x00000000e1500000, 0x0000000100000000)
  eden space 16384K, 0% used [0x00000000e0000000,0x00000000e0000000,0x00000000e1000000)
  from space 2560K, 0% used [0x00000000e1000000,0x00000000e1000000,0x00000000e1280000)
  to   space 2560K, 0% used [0x00000000e1280000,0x00000000e1280000,0x00000000e1500000)
 ParOldGen       total 33280K, used 7031K [0x00000000a0000000, 0x00000000a2080000, 0x00000000e0000000)
  object space 33280K, 21% used [0x00000000a0000000,0x00000000a06dddd0,0x00000000a2080000)
 Metaspace       used 20613K, capacity 20998K, committed 21248K, reserved 1067008K
  class space    used 2595K, capacity 2709K, committed 2816K, reserved 1048576K
}

Deoptimization events (10 events):
Event: 6.219 Thread 0x00000000188d5000 Uncommon trap: reason=class_check action=maybe_recompile pc=0x0000000003169bcc method=kotlin.reflect.jvm.internal.impl.protobuf.CodedInputStream.tryRefillBuffer(I)Z @ 177
Event: 6.219 Thread 0x00000000188d5000 Uncommon trap: reason=class_check action=maybe_recompile pc=0x0000000003169bcc method=kotlin.reflect.jvm.internal.impl.protobuf.CodedInputStream.tryRefillBuffer(I)Z @ 177
Event: 6.220 Thread 0x00000000188d5000 Uncommon trap: reason=unstable_if action=reinterpret pc=0x0000000003179dd4 method=kotlin.reflect.jvm.internal.impl.protobuf.CodedInputStream.readRawVarint32()I @ 69
Event: 6.221 Thread 0x00000000188d5000 Uncommon trap: reason=unstable_if action=reinterpret pc=0x0000000003157040 method=kotlin.reflect.jvm.internal.impl.protobuf.CodedInputStream.readRawVarint32()I @ 69
Event: 6.222 Thread 0x00000000188d5000 Uncommon trap: reason=class_check action=maybe_recompile pc=0x0000000003169bcc method=kotlin.reflect.jvm.internal.impl.protobuf.CodedInputStream.tryRefillBuffer(I)Z @ 177
Event: 7.579 Thread 0x00000000188d5000 Uncommon trap: reason=bimorphic action=maybe_recompile pc=0x000000000307bea8 method=java.io.FilterInputStream.read([B)I @ 5
Event: 7.579 Thread 0x00000000188d5000 Uncommon trap: reason=bimorphic action=maybe_recompile pc=0x000000000307bea8 method=java.io.FilterInputStream.read([B)I @ 5
Event: 7.579 Thread 0x00000000188d5000 Uncommon trap: reason=bimorphic action=maybe_recompile pc=0x000000000307bea8 method=java.io.FilterInputStream.read([B)I @ 5
Event: 7.581 Thread 0x00000000188d5000 Uncommon trap: reason=bimorphic action=maybe_recompile pc=0x000000000307bea8 method=java.io.FilterInputStream.read([B)I @ 5
Event: 7.683 Thread 0x00000000188d5000 Uncommon trap: reason=range_check action=make_not_entrant pc=0x000000000320aae0 method=sun.reflect.generics.parser.SignatureParser.current()C @ 34

Internal exceptions (10 events):
Event: 5.876 Thread 0x00000000188d5000 Exception <a 'java/lang/NoSuchMethodError': <clinit>> (0x00000000e03287f0) thrown at [D:\re\workspace\8-2-build-windows-amd64-cygwin\jdk8u77\6540\hotspot\src\share\vm\prims\jni.cpp, line 1591]
Event: 5.913 Thread 0x00000000188d5000 Exception <a 'java/lang/NoSuchMethodError': <clinit>> (0x00000000e043b530) thrown at [D:\re\workspace\8-2-build-windows-amd64-cygwin\jdk8u77\6540\hotspot\src\share\vm\prims\jni.cpp, line 1591]
Event: 5.915 Thread 0x00000000188df000 Exception <a 'java/lang/InterruptedException'> (0x00000000e04404f8) thrown at [D:\re\workspace\8-2-build-windows-amd64-cygwin\jdk8u77\6540\hotspot\src\share\vm\runtime\objectMonitor.cpp, line 1684]
Event: 6.265 Thread 0x00000000188d5000 Exception <a 'java/lang/ArrayIndexOutOfBoundsException'> (0x00000000e07037e0) thrown at [D:\re\workspace\8-2-build-windows-amd64-cygwin\jdk8u77\6540\hotspot\src\share\vm\runtime\sharedRuntime.cpp, line 605]
Event: 6.721 Thread 0x00000000188d5000 Exception <a 'sun/nio/fs/WindowsException'> (0x00000000e08388b8) thrown at [D:\re\workspace\8-2-build-windows-amd64-cygwin\jdk8u77\6540\hotspot\src\share\vm\prims\jni.cpp, line 709]
Event: 6.721 Thread 0x00000000188d5000 Exception <a 'java/lang/reflect/InvocationTargetException'> (0x00000000e08390e0) thrown at [D:\re\workspace\8-2-build-windows-amd64-cygwin\jdk8u77\6540\hotspot\src\share\vm\runtime\reflection.cpp, line 1092]
Event: 7.490 Thread 0x00000000188d5000 Exception <a 'java/lang/NoSuchMethodError': java.lang.Object.lambda$comparing$77a9974f$1(Ljava/util/function/Function;Ljava/lang/Object;Ljava/lang/Object;)I> (0x00000000e0591440) thrown at [D:\re\workspace\8-2-build-windows-amd64-cygwin\jdk8u77\6540\hotspoqY}ª@
Event: 7.683 Thread 0x00000000188d5000 Exception <a 'java/lang/ArrayIndexOutOfBoundsException': 60> (0x00000000e01f4d18) thrown at [D:\re\workspace\8-2-build-windows-amd64-cygwin\jdk8u77\6540\hotspot\src\share\vm\interpreter\interpreterRuntime.cpp, line 366]
Event: 7.693 Thread 0x00000000188d5000 Exception <a 'java/lang/ArrayIndexOutOfBoundsException'> (0x00000000e021e880) thrown at [D:\re\workspace\8-2-build-windows-amd64-cygwin\jdk8u77\6540\hotspot\src\share\vm\runtime\sharedRuntime.cpp, line 605]
Event: 7.888 Thread 0x00000000188d5000 Exception <a 'java/lang/NoSuchMethodError': java.lang.Object.lambda$static$0(I)[Lorg/jetbrains/kotlin/com/intellij/openapi/editor/event/DocumentListener;> (0x00000000e09b4c10) thrown at [D:\re\workspace\8-2-build-windows-amd64-cygwin\jdk8u77\6540\hotspot\sxB˘hÅ@

Events (10 events):
Event: 7.935 loading class org/jetbrains/kotlin/com/intellij/psi/PsiType$Stub
Event: 7.935 loading class org/jetbrains/kotlin/com/intellij/psi/PsiType$Stub done
Event: 7.936 loading class org/jetbrains/kotlin/com/intellij/psi/impl/PsiElementFactoryImpl$1
Event: 7.936 loading class org/jetbrains/kotlin/com/intellij/psi/impl/PsiElementFactoryImpl$1 done
Event: 7.936 loading class org/jetbrains/kotlin/com/intellij/psi/impl/PsiElementFactoryImpl$2
Event: 7.936 loading class org/jetbrains/kotlin/com/intellij/psi/impl/PsiElementFactoryImpl$2 done
Event: 7.937 loading class org/jetbrains/kotlin/com/intellij/psi/impl/source/PsiClassReferenceType
Event: 7.937 loading class org/jetbrains/kotlin/com/intellij/psi/impl/source/PsiClassReferenceType done
Event: 7.938 loading class org/jetbrains/kotlin/com/intellij/psi/PsiClassType$Stub
Event: 7.938 loading class org/jetbrains/kotlin/com/intellij/psi/PsiClassType$Stub done


Dynamic libraries:
0x00007ff74e310000 - 0x00007ff74e347000 	C:\Program Files\Java\jdk1.8.0_77\jre\bin\java.exe
0x00007ff92b650000 - 0x00007ff92b82b000 	C:\WINDOWS\SYSTEM32\ntdll.dll
0x00007ff92a7a0000 - 0x00007ff92a84e000 	C:\WINDOWS\System32\KERNEL32.DLL
0x00007ff9284c0000 - 0x00007ff928709000 	C:\WINDOWS\System32\KERNELBASE.dll
0x00007ff92a5b0000 - 0x00007ff92a651000 	C:\WINDOWS\System32\ADVAPI32.dll
0x00007ff92b2a0000 - 0x00007ff92b33d000 	C:\WINDOWS\System32\msvcrt.dll
0x00007ff92b0a0000 - 0x00007ff92b0f9000 	C:\WINDOWS\System32\sechost.dll
0x00007ff928bb0000 - 0x00007ff928cd5000 	C:\WINDOWS\System32\RPCRT4.dll
0x00007ff92a200000 - 0x00007ff92a34a000 	C:\WINDOWS\System32\USER32.dll
0x00007ff9282d0000 - 0x00007ff9282ee000 	C:\WINDOWS\System32\win32u.dll
0x00007ff92a690000 - 0x00007ff92a6b7000 	C:\WINDOWS\System32\GDI32.dll
0x00007ff928880000 - 0x00007ff928a07000 	C:\WINDOWS\System32\gdi32full.dll
0x00007ff928a60000 - 0x00007ff928afa000 	C:\WINDOWS\System32\msvcp_win.dll
0x00007ff928780000 - 0x00007ff928876000 	C:\WINDOWS\System32\ucrtbase.dll
0x00007ff920280000 - 0x00007ff9204e7000 	C:\WINDOWS\WinSxS\amd64_microsoft.windows.common-controls_6595b64144ccf1df_6.0.15063.483_none_26002d27e7c744a2\COMCTL32.dll
0x00007ff92b350000 - 0x00007ff92b649000 	C:\WINDOWS\System32\combase.dll
0x00007ff928710000 - 0x00007ff92877a000 	C:\WINDOWS\System32\bcryptPrimitives.dll
0x00007ff92a660000 - 0x00007ff92a68d000 	C:\WINDOWS\System32\IMM32.DLL
0x000000005a590000 - 0x000000005a662000 	C:\Program Files\Java\jdk1.8.0_77\jre\bin\msvcr100.dll
0x0000000059d00000 - 0x000000005a590000 	C:\Program Files\Java\jdk1.8.0_77\jre\bin\server\jvm.dll
0x00007ff92b340000 - 0x00007ff92b348000 	C:\WINDOWS\System32\PSAPI.DLL
0x00007ff9240d0000 - 0x00007ff9240da000 	C:\WINDOWS\SYSTEM32\VERSION.dll
0x00007ff9243c0000 - 0x00007ff9243c9000 	C:\WINDOWS\SYSTEM32\WSOCK32.dll
0x00007ff9208c0000 - 0x00007ff9208e3000 	C:\WINDOWS\SYSTEM32\WINMM.dll
0x00007ff928d50000 - 0x00007ff928dbc000 	C:\WINDOWS\System32\WS2_32.dll
0x00007ff920890000 - 0x00007ff9208bb000 	C:\WINDOWS\SYSTEM32\winmmbase.dll
0x00007ff928a10000 - 0x00007ff928a59000 	C:\WINDOWS\System32\cfgmgr32.dll
0x0000000059cf0000 - 0x0000000059cff000 	C:\Program Files\Java\jdk1.8.0_77\jre\bin\verify.dll
0x0000000059cc0000 - 0x0000000059ce9000 	C:\Program Files\Java\jdk1.8.0_77\jre\bin\java.dll
0x0000000059ca0000 - 0x0000000059cb6000 	C:\Program Files\Java\jdk1.8.0_77\jre\bin\zip.dll
0x00007ff928dc0000 - 0x00007ff92a1f7000 	C:\WINDOWS\System32\SHELL32.dll
0x00007ff92a6c0000 - 0x00007ff92a76a000 	C:\WINDOWS\System32\shcore.dll
0x00007ff927bd0000 - 0x00007ff9282c1000 	C:\WINDOWS\System32\windows.storage.dll
0x00007ff92a850000 - 0x00007ff92a8a1000 	C:\WINDOWS\System32\shlwapi.dll
0x00007ff927b30000 - 0x00007ff927b41000 	C:\WINDOWS\System32\kernel.appcore.dll
0x00007ff927ae0000 - 0x00007ff927b2c000 	C:\WINDOWS\System32\powrprof.dll
0x00007ff927ac0000 - 0x00007ff927ad5000 	C:\WINDOWS\System32\profapi.dll
0x0000000059c50000 - 0x0000000059c5d000 	C:\Program Files\Java\jdk1.8.0_77\jre\bin\management.dll
0x0000000059c80000 - 0x0000000059c9a000 	C:\Program Files\Java\jdk1.8.0_77\jre\bin\net.dll
0x00007ff9273d0000 - 0x00007ff92742c000 	C:\WINDOWS\system32\mswsock.dll
0x0000000059c60000 - 0x0000000059c71000 	C:\Program Files\Java\jdk1.8.0_77\jre\bin\nio.dll
0x00007ff927570000 - 0x00007ff927587000 	C:\WINDOWS\SYSTEM32\CRYPTSP.dll
0x00007ff926ff0000 - 0x00007ff927024000 	C:\WINDOWS\system32\rsaenh.dll
0x00007ff927680000 - 0x00007ff9276a5000 	C:\WINDOWS\SYSTEM32\bcrypt.dll
0x00007ff9279c0000 - 0x00007ff9279e9000 	C:\WINDOWS\SYSTEM32\USERENV.dll
0x00007ff927590000 - 0x00007ff92759b000 	C:\WINDOWS\SYSTEM32\CRYPTBASE.dll
0x00007ff927170000 - 0x00007ff9271a7000 	C:\WINDOWS\SYSTEM32\IPHLPAPI.DLL
0x00007ff92a770000 - 0x00007ff92a778000 	C:\WINDOWS\System32\NSI.dll
0x00007ff920fb0000 - 0x00007ff920fc6000 	C:\WINDOWS\SYSTEM32\dhcpcsvc6.DLL
0x00007ff9210a0000 - 0x00007ff9210ba000 	C:\WINDOWS\SYSTEM32\dhcpcsvc.DLL

VM Arguments:
jvm_args: -Djava.awt.headless=true -Djava.rmi.server.hostname=localhost -Xmx1536m -Dkotlin.environment.keepalive 
java_command: org.jetbrains.kotlin.daemon.KotlinCompileDaemon --daemon-runFilesPath C:\Users\LG\AppData\Local\kotlin\daemon --daemon-autoshutdownIdleSeconds=7200 --daemon-compilerClasspath C:\Users\LG\.gradle\caches\modules-2\files-2.1\org.jetbrains.kotlin\kotlin-compiler-embeddable\1.1.51\e87f62328a705dc5c5b857f1aa50d1732c8bc3d6\kotlin-compiler-embeddable-1.1.51.jar;C:\Program Files\Java\jdk1.8.0_77\lib\tools.jar
java_class_path (initial): C:\Users\LG\.gradle\caches\modules-2\files-2.1\org.jetbrains.kotlin\kotlin-compiler-embeddable\1.1.51\e87f62328a705dc5c5b857f1aa50d1732c8bc3d6\kotlin-compiler-embeddable-1.1.51.jar;C:\Program Files\Java\jdk1.8.0_77\lib\tools.jar
Launcher Type: SUN_STANDARD

Environment Variables:
JAVA_HOME=C:\Program Files\Java\jdk1.8.0_91
USERNAME=LG
OS=Windows_NT
PROCESSOR_IDENTIFIER=Intel64 Family 6 Model 69 Stepping 1, GenuineIntel



---------------  S Y S T E M  ---------------

OS: Windows 10.0 , 64 bit Build 15063 (10.0.15063.296)

CPU:total 4 (2 cores per cpu, 2 threads per core) family 6 model 69 stepping 1, cmov, cx8, fxsr, mmx, sse, sse2, sse3, ssse3, sse4.1, sse4.2, popcnt, avx, avx2, aes, clmul, erms, lzcnt, ht, tsc, tscinvbit, bmi1, bmi2

Memory: 4k page, physical 4100052k(327652k free), swap 8422892k(6348k free)

vm_info: Java HotSpot(TM) 64-Bit Server VM (25.77-b03) for windows-amd64 JRE (1.8.0_77-b03), built on Mar 20 2016 22:01:33 by "java_re" with MS VC++ 10.0 (VS2010)

time: Sun Dec 24 20:30:39 2017
elapsed time: 7 seconds (0d 0h 0m 7s)

